<?xml version="1.0" encoding="UTF-8"?>
<!-- Generated by org.testng.reporters.JUnitXMLReporter -->
<testsuite ignored="0" hostname="LTIN272279" failures="0" tests="5" name="Default test" time="72.894" errors="0" timestamp="2024-03-06T12:12:58 IST">
  <testcase classname="testcases.GooglesigninTests" name="clickSignIn" time="4.062"/>
  <testcase classname="testcases.GooglesigninTests" name="clickGoogle" time="5.902"/>
  <testcase classname="testcases.GooglesigninTests" name="eMail" time="5.403"/>
  <testcase classname="testcases.GooglesigninTests" name="nextButton" time="5.941"/>
  <testcase classname="testcases.GooglesigninTests" name="printErrorMesssage" time="0.174"/>
</testsuite> <!-- Default test -->
