<?xml version="1.0" encoding="UTF-8"?>
<!-- Generated by org.testng.reporters.JUnitXMLReporter -->
<testsuite ignored="6" hostname="LTIN272279" failures="0" tests="15" name="Test1" time="122.138" errors="0" timestamp="2024-03-07T11:47:53 IST">
  <testcase classname="testcases.UpcomingbikesTests" name="newBikes" time="9.812"/>
  <testcase classname="testcases.UpcomingbikesTests" name="upcomingbikes" time="7.552"/>
  <testcase classname="testcases.UpcomingbikesTests" name="manufacturer" time="4.96"/>
  <testcase classname="testcases.UpcomingbikesTests" name="viewmore" time="7.386"/>
  <testcase classname="testcases.UpcomingbikesTests" name="hondabikemodels" time="12.414"/>
  <testcase classname="testcases.UpcomingbikesTests" name="backhome" time="6.663"/>
  <testcase classname="testcases.UsedcarsTests" name="Menu" time="4.078"/>
  <testcase classname="testcases.UsedcarsTests" name="chennaiSubmenuOption" time="10.512"/>
  <testcase classname="testcases.UsedcarsTests" name="models" time="5.327"/>
  <testcase classname="testcases.UsedcarsTests" name="navigateback" time="6.893"/>
  <testcase classname="testcases.GooglesigninTests" name="clickSignIn" time="4.675"/>
  <testcase classname="testcases.GooglesigninTests" name="clickGoogle" time="6.454"/>
  <testcase classname="testcases.GooglesigninTests" name="eMail" time="5.54"/>
  <testcase classname="testcases.GooglesigninTests" name="nextButton" time="6.301"/>
  <testcase classname="testcases.GooglesigninTests" name="printErrorMesssage" time="0.244"/>
  <testcase classname="testcases.Basetest" name="@AfterTest teardown" time="0.0">
    <ignored/>
  </testcase> <!-- @AfterTest teardown -->
  <testcase classname="testcases.Basetest" name="@AfterTest teardown" time="0.0">
    <ignored/>
  </testcase> <!-- @AfterTest teardown -->
  <testcase classname="testcases.Basetest" name="@BeforeTest setup" time="0.0">
    <ignored/>
  </testcase> <!-- @BeforeTest setup -->
  <testcase classname="testcases.Basetest" name="@BeforeTest setup" time="0.0">
    <ignored/>
  </testcase> <!-- @BeforeTest setup -->
  <testcase classname="testcases.Basetest" name="@BeforeTest setup" time="0.0">
    <ignored/>
  </testcase> <!-- @BeforeTest setup -->
  <testcase classname="testcases.Basetest" name="@AfterTest teardown" time="0.0">
    <ignored/>
  </testcase> <!-- @AfterTest teardown -->
</testsuite> <!-- Test1 -->
